<?xml version="1.0" encoding="UTF-8"?>
<!-- Generated by org.testng.reporters.JUnitXMLReporter -->
<testsuite ignored="0" hostname="DESKTOP-JOCDJ6C" failures="0" tests="3" name="Default test" time="34.027" errors="0" timestamp="2022-09-14T00:18:38 IST">
  <testcase classname="com.vtechsolution01.orangehrm.testcase.LoginTest_001" name="verifyLoginPageTC" time="0.176"/>
  <testcase classname="com.vtechsolution01.orangehrm.testcase.LoginTest_001" name="verifyToolsQALogoTC" time="0.317"/>
  <testcase classname="com.vtechsolution01.orangehrm.testcase.LoginTest_001" name="loginTest" time="0.874"/>
</testsuite> <!-- Default test -->
